Start testing: Dec 04 12:09 CET
----------------------------------------------------------
1/1 Testing: TEST00
1/1 Test: TEST00
Command: "/Users/tfoldi/Developer/qnject/vaccine/tests/00_simple_inject.sh"
Directory: /Users/tfoldi/Developer/qnject/vaccine/tests
"TEST00" start time: Dec 04 12:09 CET
Output:
----------------------------------------------------------
++ uname
+ unamestr=Darwin
+ [[ Darwin == \L\i\n\u\x ]]
+ [[ Darwin == \D\a\r\w\i\n ]]
+ DYLD_INSERT_LIBRARIES=../libqnject.dylib
+ sleep 0.1
+ sleep 0.05
+ nc -v 127.0.0.1 8000
found 0 associations
found 1 connections:
     1:	flags=82<CONNECTED,PREFERRED>
	outif lo0
	src 127.0.0.1 port 64796
	dst 127.0.0.1 port 8000
	rank info not available
	TCP aux info available

Connection to 127.0.0.1 port 8000 [tcp/irdmi] succeeded!
+ exit 0
[/Users/tfoldi/Developer/qnject/vaccine/lib_preload/dyld_insert.cpp] Starting service thread
Opening web server socket
Starting RESTful server on port 8000
[/Users/tfoldi/Developer/qnject/vaccine/lib_preload/dyld_insert.cpp] stopping service thread()
Exiting on shutdown request
<end of output>
Test time =   1.08 sec
----------------------------------------------------------
Test Passed.
"TEST00" end time: Dec 04 12:09 CET
"TEST00" time elapsed: 00:00:01
----------------------------------------------------------

End testing: Dec 04 12:09 CET
